<?xml version="1.0" encoding="UTF-8"?>
<!-- Generated by org.testng.reporters.JUnitXMLReporter -->
<testsuite hostname="hp" ignored="1" name="Default test" tests="1" failures="0" timestamp="27 Feb 2022 08:04:02 GMT" time="32.652" errors="0">
  <testcase name="signInTest" time="9.101" classname="com.yjcHousing.qa.testCases.NpiSignInpageTest"/>
  <testcase name="validateSignInPageTitle" time="0.0" classname="com.yjcHousing.qa.testCases.NpiSignInpageTest">
    <ignored/>
  </testcase> <!-- validateSignInPageTitle -->
</testsuite> <!-- Default test -->
