<?xml version="1.0" encoding="UTF-8"?>
<testng-results skipped="0" failed="0" ignored="1" total="2" passed="1">
  <reporter-output>
  </reporter-output>
  <suite name="Default suite" duration-ms="32652" started-at="2022-02-27T08:03:30Z" finished-at="2022-02-27T08:04:02Z">
    <groups>
    </groups>
    <test name="Default test" duration-ms="32652" started-at="2022-02-27T08:03:30Z" finished-at="2022-02-27T08:04:02Z">
      <class name="com.yjcHousing.qa.testCases.NpiSignInpageTest">
        <test-method status="PASS" signature="setUp()[pri:0, instance:com.yjcHousing.qa.testCases.NpiSignInpageTest@57fffcd7]" name="setUp" is-config="true" duration-ms="17690" started-at="2022-02-27T13:33:30Z" finished-at="2022-02-27T13:33:47Z">
          <reporter-output>
          </reporter-output>
        </test-method> <!-- setUp -->
        <test-method status="PASS" signature="signInTest()[pri:2, instance:com.yjcHousing.qa.testCases.NpiSignInpageTest@57fffcd7]" name="signInTest" duration-ms="9101" started-at="2022-02-27T13:33:47Z" finished-at="2022-02-27T13:33:57Z">
          <reporter-output>
          </reporter-output>
        </test-method> <!-- signInTest -->
        <test-method status="PASS" signature="tearDown()[pri:0, instance:com.yjcHousing.qa.testCases.NpiSignInpageTest@57fffcd7]" name="tearDown" is-config="true" duration-ms="5755" started-at="2022-02-27T13:33:57Z" finished-at="2022-02-27T13:34:02Z">
          <reporter-output>
          </reporter-output>
        </test-method> <!-- tearDown -->
      </class> <!-- com.yjcHousing.qa.testCases.NpiSignInpageTest -->
    </test> <!-- Default test -->
  </suite> <!-- Default suite -->
</testng-results>
